#
# There is insufficient memory for the Java Runtime Environment to continue.
# Native memory allocation (malloc) failed to allocate 1344176 bytes for Chunk::new
# Possible reasons:
#   The system is out of physical RAM or swap space
#   In 32 bit mode, the process size limit was hit
# Possible solutions:
#   Reduce memory load on the system
#   Increase physical memory or swap space
#   Check if swap backing store is full
#   Use 64 bit Java on a 64 bit OS
#   Decrease Java heap size (-Xmx/-Xms)
#   Decrease number of Java threads
#   Decrease Java thread stack sizes (-Xss)
#   Set larger code cache with -XX:ReservedCodeCacheSize=
# This output file may be truncated or incomplete.
#
#  Out of Memory Error (allocation.cpp:390), pid=15032, tid=0x0000000000004c54
#
# JRE version: Java(TM) SE Runtime Environment (8.0_181-b13) (build 1.8.0_181-b13)
# Java VM: Java HotSpot(TM) 64-Bit Server VM (25.181-b13 mixed mode windows-amd64 compressed oops)
# Failed to write core dump. Minidumps are not enabled by default on client versions of Windows
#

---------------  T H R E A D  ---------------

Current thread (0x000000001a241800):  JavaThread "C2 CompilerThread0" daemon [_thread_in_native, id=19540, stack(0x000000001a980000,0x000000001aa80000)]

Stack: [0x000000001a980000,0x000000001aa80000]
[error occurred during error reporting (printing stack bounds), id 0xc0000005]

Native frames: (J=compiled Java code, j=interpreted, Vv=VM code, C=native code)


Current CompileTask:
C2:  28923 6143   !   4       java.net.URL::<init> (543 bytes)


---------------  P R O C E S S  ---------------

Java Threads: ( => current thread )
  0x000000001ff52000 JavaThread "SpringContextShutdownHook" [_thread_in_vm, id=7896, stack(0x0000000025a60000,0x0000000025b60000)]
  0x000000001f6df000 JavaThread "JobExecutor[org.camunda.bpm.engine.spring.components.jobexecutor.SpringJobExecutor]" [_thread_blocked, id=10620, stack(0x0000000025840000,0x0000000025940000)]
  0x000000001f3a0800 JavaThread "HikariPool-1 housekeeper" daemon [_thread_blocked, id=1716, stack(0x0000000023e90000,0x0000000023f90000)]
  0x000000001f4ed000 JavaThread "mysql-cj-abandoned-connection-cleanup" daemon [_thread_blocked, id=11112, stack(0x0000000020db0000,0x0000000020eb0000)]
  0x000000001a26a800 JavaThread "Service Thread" daemon [_thread_blocked, id=2700, stack(0x000000001ad80000,0x000000001ae80000)]
  0x000000001a24c000 JavaThread "C1 CompilerThread3" daemon [_thread_blocked, id=3560, stack(0x000000001ac80000,0x000000001ad80000)]
  0x000000001a249800 JavaThread "C2 CompilerThread2" daemon [_thread_in_native, id=9380, stack(0x000000001ab80000,0x000000001ac80000)]
  0x000000001a244800 JavaThread "C2 CompilerThread1" daemon [_thread_in_native, id=16788, stack(0x000000001aa80000,0x000000001ab80000)]
=>0x000000001a241800 JavaThread "C2 CompilerThread0" daemon [_thread_in_native, id=19540, stack(0x000000001a980000,0x000000001aa80000)]
  0x000000001a22a000 JavaThread "Monitor Ctrl-Break" daemon [_thread_in_native, id=24264, stack(0x000000001a880000,0x000000001a980000)]
  0x000000001a218000 JavaThread "Attach Listener" daemon [_thread_blocked, id=17192, stack(0x000000001a780000,0x000000001a880000)]
  0x000000001a217800 JavaThread "Signal Dispatcher" daemon [_thread_blocked, id=16480, stack(0x000000001a680000,0x000000001a780000)]
  0x00000000182c5800 JavaThread "Finalizer" daemon [_thread_blocked, id=19372, stack(0x000000001a580000,0x000000001a680000)]
  0x00000000182be800 JavaThread "Reference Handler" daemon [_thread_blocked, id=10716, stack(0x000000001a080000,0x000000001a180000)]
  0x0000000003082000 JavaThread "main" [_thread_blocked, id=4596, stack(0x0000000002f80000,0x0000000003080000)]

Other Threads:
  0x00000000182b6800 VMThread [stack: 0x0000000019f80000,0x000000001a080000] [id=21560]
  0x000000001a359800 WatcherThread [stack: 0x000000001ae80000,0x000000001af80000] [id=9988]

VM state:not at safepoint (normal execution)

VM Mutex/Monitor currently owned by a thread: None

Heap:
 PSYoungGen      total 668160K, used 34428K [0x00000000d5f00000, 0x0000000100000000, 0x0000000100000000)
  eden space 647168K, 4% used [0x00000000d5f00000,0x00000000d7dab4a8,0x00000000fd700000)
  from space 20992K, 14% used [0x00000000fd700000,0x00000000fd9f3ed0,0x00000000feb80000)
  to   space 20992K, 0% used [0x00000000feb80000,0x00000000feb80000,0x0000000100000000)
 ParOldGen       total 168448K, used 73030K [0x0000000081c00000, 0x000000008c080000, 0x00000000d5f00000)
  object space 168448K, 43% used [0x0000000081c00000,0x0000000086351808,0x000000008c080000)
 Metaspace       used 57029K, capacity 60076K, committed 60184K, reserved 1101824K
  class space    used 7524K, capacity 8022K, committed 8064K, reserved 1048576K

Card table byte_map: [0x0000000012700000,0x0000000012b00000] byte_map_base: 0x00000000122f2000

Marking Bits: (ParMarkBitMap*) 0x0000000067fa2d00
 Begin Bits: [0x00000000135b0000, 0x0000000015540000)
 End Bits:   [0x0000000015540000, 0x00000000174d0000)

Polling page: 0x0000000000d60000

CodeCache: size=245760Kb used=21022Kb max_used=21334Kb free=224737Kb
 bounds [0x0000000003340000, 0x0000000004840000, 0x0000000012340000]
 total_blobs=5963 nmethods=5453 adapters=422
 compilation: enabled

Compilation events (10 events):
Event: 28.721 Thread 0x000000001a24c000 nmethod 6165 0x00000000040b3e50 code [0x00000000040b40a0, 0x00000000040b4f98]
Event: 28.721 Thread 0x000000001a24c000 6166       3       org.springframework.context.event.GenericApplicationListenerAdapter::resolveDeclaredEventType (57 bytes)
Event: 28.721 Thread 0x000000001a24c000 nmethod 6166 0x00000000040b3390 code [0x00000000040b3560, 0x00000000040b3c28]
Event: 28.722 Thread 0x000000001a24c000 6168       1       java.util.concurrent.ConcurrentHashMap$MapEntry::getValue (5 bytes)
Event: 28.722 Thread 0x000000001a24c000 nmethod 6168 0x0000000004184210 code [0x0000000004184360, 0x0000000004184470]
Event: 28.921 Thread 0x000000001a24c000 6169       1       org.camunda.bpm.engine.impl.persistence.entity.MeterLogEntity::getId (5 bytes)
Event: 28.921 Thread 0x000000001a24c000 nmethod 6169 0x0000000003a0e110 code [0x0000000003a0e260, 0x0000000003a0e370]
Event: 28.921 Thread 0x000000001a24c000 6170       1       org.camunda.bpm.engine.impl.db.entitymanager.operation.DbEntityOperation::getEntity (5 bytes)
Event: 28.921 Thread 0x000000001a24c000 nmethod 6170 0x0000000003de39d0 code [0x0000000003de3b20, 0x0000000003de3c30]
Event: 28.921 Thread 0x000000001a24c000 6171       3       sun.reflect.ClassFileAssembler::opc_athrow (12 bytes)

GC Heap History (10 events):
Event: 15.241 GC heap before
{Heap before GC invocations=16 (full 2):
 PSYoungGen      total 418816K, used 418811K [0x00000000d5f00000, 0x00000000f7f80000, 0x0000000100000000)
  eden space 406016K, 100% used [0x00000000d5f00000,0x00000000eeb80000,0x00000000eeb80000)
  from space 12800K, 99% used [0x00000000eeb80000,0x00000000ef7fee80,0x00000000ef800000)
  to   space 14848K, 0% used [0x00000000f7100000,0x00000000f7100000,0x00000000f7f80000)
 ParOldGen       total 73216K, used 17907K [0x0000000081c00000, 0x0000000086380000, 0x00000000d5f00000)
  object space 73216K, 24% used [0x0000000081c00000,0x0000000082d7ce58,0x0000000086380000)
 Metaspace       used 47188K, capacity 49926K, committed 50304K, reserved 1093632K
  class space    used 6249K, capacity 6705K, committed 6784K, reserved 1048576K
Event: 15.264 GC heap after
Heap after GC invocations=16 (full 2):
 PSYoungGen      total 538112K, used 14848K [0x00000000d5f00000, 0x00000000f8b80000, 0x0000000100000000)
  eden space 523264K, 0% used [0x00000000d5f00000,0x00000000d5f00000,0x00000000f5e00000)
  from space 14848K, 100% used [0x00000000f7100000,0x00000000f7f80000,0x00000000f7f80000)
  to   space 19456K, 0% used [0x00000000f5e00000,0x00000000f5e00000,0x00000000f7100000)
 ParOldGen       total 73216K, used 24559K [0x0000000081c00000, 0x0000000086380000, 0x00000000d5f00000)
  object space 73216K, 33% used [0x0000000081c00000,0x00000000833fbd70,0x0000000086380000)
 Metaspace       used 47188K, capacity 49926K, committed 50304K, reserved 1093632K
  class space    used 6249K, capacity 6705K, committed 6784K, reserved 1048576K
}
Event: 16.847 GC heap before
{Heap before GC invocations=17 (full 2):
 PSYoungGen      total 538112K, used 538112K [0x00000000d5f00000, 0x00000000f8b80000, 0x0000000100000000)
  eden space 523264K, 100% used [0x00000000d5f00000,0x00000000f5e00000,0x00000000f5e00000)
  from space 14848K, 100% used [0x00000000f7100000,0x00000000f7f80000,0x00000000f7f80000)
  to   space 19456K, 0% used [0x00000000f5e00000,0x00000000f5e00000,0x00000000f7100000)
 ParOldGen       total 73216K, used 24559K [0x0000000081c00000, 0x0000000086380000, 0x00000000d5f00000)
  object space 73216K, 33% used [0x0000000081c00000,0x00000000833fbd70,0x0000000086380000)
 Metaspace       used 47227K, capacity 49990K, committed 50304K, reserved 1093632K
  class space    used 6253K, capacity 6705K, committed 6784K, reserved 1048576K
Event: 16.881 GC heap after
Heap after GC invocations=17 (full 2):
 PSYoungGen      total 542720K, used 7136K [0x00000000d5f00000, 0x0000000100000000, 0x0000000100000000)
  eden space 523264K, 0% used [0x00000000d5f00000,0x00000000d5f00000,0x00000000f5e00000)
  from space 19456K, 36% used [0x00000000f5e00000,0x00000000f64f8000,0x00000000f7100000)
  to   space 18432K, 0% used [0x00000000fee00000,0x00000000fee00000,0x0000000100000000)
 ParOldGen       total 73216K, used 33666K [0x0000000081c00000, 0x0000000086380000, 0x00000000d5f00000)
  object space 73216K, 45% used [0x0000000081c00000,0x0000000083ce0998,0x0000000086380000)
 Metaspace       used 47227K, capacity 49990K, committed 50304K, reserved 1093632K
  class space    used 6253K, capacity 6705K, committed 6784K, reserved 1048576K
}
Event: 18.224 GC heap before
{Heap before GC invocations=18 (full 2):
 PSYoungGen      total 542720K, used 530400K [0x00000000d5f00000, 0x0000000100000000, 0x0000000100000000)
  eden space 523264K, 100% used [0x00000000d5f00000,0x00000000f5e00000,0x00000000f5e00000)
  from space 19456K, 36% used [0x00000000f5e00000,0x00000000f64f8000,0x00000000f7100000)
  to   space 18432K, 0% used [0x00000000fee00000,0x00000000fee00000,0x0000000100000000)
 ParOldGen       total 73216K, used 33666K [0x0000000081c00000, 0x0000000086380000, 0x00000000d5f00000)
  object space 73216K, 45% used [0x0000000081c00000,0x0000000083ce0998,0x0000000086380000)
 Metaspace       used 47475K, capacity 50214K, committed 50560K, reserved 1093632K
  class space    used 6282K, capacity 6737K, committed 6784K, reserved 1048576K
Event: 18.251 GC heap after
Heap after GC invocations=18 (full 2):
 PSYoungGen      total 665600K, used 17680K [0x00000000d5f00000, 0x0000000100000000, 0x0000000100000000)
  eden space 647168K, 0% used [0x00000000d5f00000,0x00000000d5f00000,0x00000000fd700000)
  from space 18432K, 95% used [0x00000000fee00000,0x00000000fff44118,0x0000000100000000)
  to   space 20992K, 0% used [0x00000000fd700000,0x00000000fd700000,0x00000000feb80000)
 ParOldGen       total 73216K, used 34338K [0x0000000081c00000, 0x0000000086380000, 0x00000000d5f00000)
  object space 73216K, 46% used [0x0000000081c00000,0x0000000083d88998,0x0000000086380000)
 Metaspace       used 47475K, capacity 50214K, committed 50560K, reserved 1093632K
  class space    used 6282K, capacity 6737K, committed 6784K, reserved 1048576K
}
Event: 26.688 GC heap before
{Heap before GC invocations=19 (full 2):
 PSYoungGen      total 665600K, used 421638K [0x00000000d5f00000, 0x0000000100000000, 0x0000000100000000)
  eden space 647168K, 62% used [0x00000000d5f00000,0x00000000ee97da50,0x00000000fd700000)
  from space 18432K, 95% used [0x00000000fee00000,0x00000000fff44118,0x0000000100000000)
  to   space 20992K, 0% used [0x00000000fd700000,0x00000000fd700000,0x00000000feb80000)
 ParOldGen       total 73216K, used 34338K [0x0000000081c00000, 0x0000000086380000, 0x00000000d5f00000)
  object space 73216K, 46% used [0x0000000081c00000,0x0000000083d88998,0x0000000086380000)
 Metaspace       used 56132K, capacity 59018K, committed 59160K, reserved 1101824K
  class space    used 7308K, capacity 7759K, committed 7808K, reserved 1048576K
Event: 26.897 GC heap after
Heap after GC invocations=19 (full 2):
 PSYoungGen      total 668160K, used 20966K [0x00000000d5f00000, 0x0000000100000000, 0x0000000100000000)
  eden space 647168K, 0% used [0x00000000d5f00000,0x00000000d5f00000,0x00000000fd700000)
  from space 20992K, 99% used [0x00000000fd700000,0x00000000feb79b60,0x00000000feb80000)
  to   space 20992K, 0% used [0x00000000feb80000,0x00000000feb80000,0x0000000100000000)
 ParOldGen       total 73216K, used 62494K [0x0000000081c00000, 0x0000000086380000, 0x00000000d5f00000)
  object space 73216K, 85% used [0x0000000081c00000,0x0000000085907bf0,0x0000000086380000)
 Metaspace       used 56132K, capacity 59018K, committed 59160K, reserved 1101824K
  class space    used 7308K, capacity 7759K, committed 7808K, reserved 1048576K
}
Event: 26.900 GC heap before
{Heap before GC invocations=20 (full 3):
 PSYoungGen      total 668160K, used 20966K [0x00000000d5f00000, 0x0000000100000000, 0x0000000100000000)
  eden space 647168K, 0% used [0x00000000d5f00000,0x00000000d5f00000,0x00000000fd700000)
  from space 20992K, 99% used [0x00000000fd700000,0x00000000feb79b60,0x00000000feb80000)
  to   space 20992K, 0% used [0x00000000feb80000,0x00000000feb80000,0x0000000100000000)
 ParOldGen       total 73216K, used 62494K [0x0000000081c00000, 0x0000000086380000, 0x00000000d5f00000)
  object space 73216K, 85% used [0x0000000081c00000,0x0000000085907bf0,0x0000000086380000)
 Metaspace       used 56132K, capacity 59018K, committed 59160K, reserved 1101824K
  class space    used 7308K, capacity 7759K, committed 7808K, reserved 1048576K
Event: 28.383 GC heap after
Heap after GC invocations=20 (full 3):
 PSYoungGen      total 668160K, used 3023K [0x00000000d5f00000, 0x0000000100000000, 0x0000000100000000)
  eden space 647168K, 0% used [0x00000000d5f00000,0x00000000d5f00000,0x00000000fd700000)
  from space 20992K, 14% used [0x00000000fd700000,0x00000000fd9f3ed0,0x00000000feb80000)
  to   space 20992K, 0% used [0x00000000feb80000,0x00000000feb80000,0x0000000100000000)
 ParOldGen       total 168448K, used 73030K [0x0000000081c00000, 0x000000008c080000, 0x00000000d5f00000)
  object space 168448K, 43% used [0x0000000081c00000,0x0000000086351808,0x000000008c080000)
 Metaspace       used 56132K, capacity 59018K, committed 59160K, reserved 1101824K
  class space    used 7308K, capacity 7759K, committed 7808K, reserved 1048576K
}

Deoptimization events (10 events):
Event: 26.433 Thread 0x0000000003082000 Uncommon trap: reason=unstable_if action=reinterpret pc=0x00000000037c7f58 method=org.springframework.util.ConcurrentReferenceHashMap$Segment.clear()V @ 7
Event: 26.490 Thread 0x000000001f6df000 Uncommon trap: reason=class_check action=maybe_recompile pc=0x00000000042d627c method=java.util.Calendar.setTime(Ljava/util/Date;)V @ 2
Event: 26.491 Thread 0x000000001f6df000 Uncommon trap: reason=class_check action=maybe_recompile pc=0x00000000042d627c method=java.util.Calendar.setTime(Ljava/util/Date;)V @ 2
Event: 26.491 Thread 0x000000001f6df000 Uncommon trap: reason=unstable_if action=reinterpret pc=0x00000000042bf950 method=java.util.Calendar.setTimeInMillis(J)V @ 20
Event: 26.558 Thread 0x0000000003082000 Uncommon trap: reason=predicate action=maybe_recompile pc=0x00000000037ab36c method=java.lang.String.regionMatches(ZILjava/lang/String;II)Z @ 63
Event: 26.683 Thread 0x0000000003082000 Uncommon trap: reason=bimorphic action=maybe_recompile pc=0x00000000046a057c method=java.util.AbstractList$Itr.next()Ljava/lang/Object; @ 14
Event: 28.387 Thread 0x0000000003082000 Uncommon trap: reason=bimorphic action=maybe_recompile pc=0x00000000046a057c method=java.util.AbstractList$Itr.next()Ljava/lang/Object; @ 14
Event: 28.388 Thread 0x0000000003082000 Uncommon trap: reason=bimorphic action=maybe_recompile pc=0x00000000046a057c method=java.util.AbstractList$Itr.next()Ljava/lang/Object; @ 14
Event: 28.388 Thread 0x0000000003082000 Uncommon trap: reason=bimorphic action=maybe_recompile pc=0x00000000046a057c method=java.util.AbstractList$Itr.next()Ljava/lang/Object; @ 14
Event: 28.656 Thread 0x0000000003082000 Uncommon trap: reason=unstable_if action=reinterpret pc=0x00000000034bc0c0 method=java.lang.CharacterData.of(I)Ljava/lang/CharacterData; @ 4

Classes redefined (0 events):
No events

Internal exceptions (10 events):
Event: 26.379 Thread 0x0000000003082000 Exception <a 'java/lang/ClassNotFoundException': org/springframework/web/context/ServletContextAwareCustomizer> (0x00000000ecacbdb8) thrown at [C:\re\workspace\8-2-build-windows-amd64-cygwin\jdk8u181\11358\hotspot\src\share\vm\classfile\systemDictionary.c
Event: 26.380 Thread 0x0000000003082000 Exception <a 'java/lang/ClassNotFoundException': org/springframework/beans/factory/AwareCustomizer> (0x00000000ecaef040) thrown at [C:\re\workspace\8-2-build-windows-amd64-cygwin\jdk8u181\11358\hotspot\src\share\vm\classfile\systemDictionary.cpp, line 210
Event: 26.381 Thread 0x0000000003082000 Exception <a 'java/lang/ClassNotFoundException': org/springframework/beans/factory/InitializingBeanCustomizer> (0x00000000ecb16b90) thrown at [C:\re\workspace\8-2-build-windows-amd64-cygwin\jdk8u181\11358\hotspot\src\share\vm\classfile\systemDictionary.cp
Event: 26.381 Thread 0x0000000003082000 Exception <a 'java/lang/ClassNotFoundException': org/springframework/beans/factory/DisposableBeanCustomizer> (0x00000000ecb3d048) thrown at [C:\re\workspace\8-2-build-windows-amd64-cygwin\jdk8u181\11358\hotspot\src\share\vm\classfile\systemDictionary.cpp,
Event: 26.384 Thread 0x0000000003082000 Exception <a 'java/lang/ClassNotFoundException': java/lang/ObjectCustomizer> (0x00000000ecb64510) thrown at [C:\re\workspace\8-2-build-windows-amd64-cygwin\jdk8u181\11358\hotspot\src\share\vm\classfile\systemDictionary.cpp, line 210]
Event: 26.385 Thread 0x0000000003082000 Exception <a 'java/lang/ClassNotFoundException': org/springframework/web/multipart/support/StandardServletMultipartResolverCustomizer> (0x00000000ecb9ac58) thrown at [C:\re\workspace\8-2-build-windows-amd64-cygwin\jdk8u181\11358\hotspot\src\share\vm\class
Event: 26.387 Thread 0x0000000003082000 Exception <a 'java/lang/ClassNotFoundException': org/springframework/web/multipart/MultipartResolverCustomizer> (0x00000000ecbc7e70) thrown at [C:\re\workspace\8-2-build-windows-amd64-cygwin\jdk8u181\11358\hotspot\src\share\vm\classfile\systemDictionary.c
Event: 26.476 Thread 0x0000000003082000 Exception <a 'java/lang/ClassNotFoundException': java/lang/ObjectCustomizer> (0x00000000ed02dc68) thrown at [C:\re\workspace\8-2-build-windows-amd64-cygwin\jdk8u181\11358\hotspot\src\share\vm\classfile\systemDictionary.cpp, line 210]
Event: 26.476 Thread 0x0000000003082000 Exception <a 'java/lang/ClassNotFoundException': com/example/camunda/DeployTestCustomizer> (0x00000000ed04f1d8) thrown at [C:\re\workspace\8-2-build-windows-amd64-cygwin\jdk8u181\11358\hotspot\src\share\vm\classfile\systemDictionary.cpp, line 210]
Event: 28.664 Thread 0x0000000003082000 Exception <a 'java/lang/reflect/InvocationTargetException'> (0x00000000d731d7b8) thrown at [C:\re\workspace\8-2-build-windows-amd64-cygwin\jdk8u181\11358\hotspot\src\share\vm\runtime\reflection.cpp, line 1092]

Events (10 events):
Event: 28.722 loading class org/camunda/bpm/engine/impl/metrics/reporter/MetricsCollectionTask$1
Event: 28.722 loading class org/camunda/bpm/engine/impl/metrics/reporter/MetricsCollectionTask$1 done
Event: 28.723 Executing VM operation: RevokeBias
Event: 28.723 Executing VM operation: RevokeBias done
Event: 28.723 Executing VM operation: RevokeBias
Event: 28.724 Executing VM operation: RevokeBias done
Event: 28.724 Executing VM operation: RevokeBias
Event: 28.724 Executing VM operation: RevokeBias done
Event: 28.920 Executing VM operation: RevokeBias
Event: 28.920 Executing VM operation: RevokeBias done


Dynamic libraries:
0x00007ff747b20000 - 0x00007ff747b57000 	C:\Program Files\Java\jdk1.8.0_181\bin\java.exe
0x00007ff98f260000 - 0x00007ff98f450000 	C:\WINDOWS\SYSTEM32\ntdll.dll
0x00007ff98ed20000 - 0x00007ff98edd2000 	C:\WINDOWS\System32\KERNEL32.DLL
0x00007ff98c3d0000 - 0x00007ff98c674000 	C:\WINDOWS\System32\KERNELBASE.dll
0x00007ff98e050000 - 0x00007ff98e0f3000 	C:\WINDOWS\System32\ADVAPI32.dll
0x00007ff98ef10000 - 0x00007ff98efae000 	C:\WINDOWS\System32\msvcrt.dll
0x00007ff98d8b0000 - 0x00007ff98d947000 	C:\WINDOWS\System32\sechost.dll
0x00007ff98d320000 - 0x00007ff98d440000 	C:\WINDOWS\System32\RPCRT4.dll
0x00007ff98efb0000 - 0x00007ff98f145000 	C:\WINDOWS\System32\USER32.dll
0x00007ff98d140000 - 0x00007ff98d161000 	C:\WINDOWS\System32\win32u.dll
0x00007ff98e380000 - 0x00007ff98e3a6000 	C:\WINDOWS\System32\GDI32.dll
0x00007ff98d170000 - 0x00007ff98d306000 	C:\WINDOWS\System32\gdi32full.dll
0x00007ff98c1e0000 - 0x00007ff98c27e000 	C:\WINDOWS\System32\msvcp_win.dll
0x00007ff98c280000 - 0x00007ff98c37a000 	C:\WINDOWS\System32\ucrtbase.dll
0x00007ff972400000 - 0x00007ff972684000 	C:\WINDOWS\WinSxS\amd64_microsoft.windows.common-controls_6595b64144ccf1df_6.0.18362.1016_none_9e7a36bbe461dae4\COMCTL32.dll
0x00007ff98e410000 - 0x00007ff98e745000 	C:\WINDOWS\System32\combase.dll
0x00007ff98d0c0000 - 0x00007ff98d140000 	C:\WINDOWS\System32\bcryptPrimitives.dll
0x00007ff98e2d0000 - 0x00007ff98e2fe000 	C:\WINDOWS\System32\IMM32.DLL
0x0000000068ea0000 - 0x0000000068f72000 	C:\Program Files\Java\jdk1.8.0_181\jre\bin\msvcr100.dll
0x0000000067780000 - 0x0000000068022000 	C:\Program Files\Java\jdk1.8.0_181\jre\bin\server\jvm.dll
0x00007ff98e2c0000 - 0x00007ff98e2c8000 	C:\WINDOWS\System32\PSAPI.DLL
0x00007ff982a30000 - 0x00007ff982a3a000 	C:\WINDOWS\SYSTEM32\VERSION.dll
0x00007ff988490000 - 0x00007ff9884b4000 	C:\WINDOWS\SYSTEM32\WINMM.dll
0x00007ff9775d0000 - 0x00007ff9775d9000 	C:\WINDOWS\SYSTEM32\WSOCK32.dll
0x00007ff98d840000 - 0x00007ff98d8af000 	C:\WINDOWS\System32\WS2_32.dll
0x00007ff988460000 - 0x00007ff98848d000 	C:\WINDOWS\SYSTEM32\WINMMBASE.dll
0x00007ff98c380000 - 0x00007ff98c3ca000 	C:\WINDOWS\System32\cfgmgr32.dll
0x0000000069050000 - 0x000000006905f000 	C:\Program Files\Java\jdk1.8.0_181\jre\bin\verify.dll
0x0000000069020000 - 0x0000000069049000 	C:\Program Files\Java\jdk1.8.0_181\jre\bin\java.dll
0x0000000068e60000 - 0x0000000068e83000 	C:\Program Files\Java\jdk1.8.0_181\jre\bin\instrument.dll
0x0000000069000000 - 0x0000000069016000 	C:\Program Files\Java\jdk1.8.0_181\jre\bin\zip.dll
0x00007ff98d950000 - 0x00007ff98e037000 	C:\WINDOWS\System32\SHELL32.dll
0x00007ff98d790000 - 0x00007ff98d839000 	C:\WINDOWS\System32\shcore.dll
0x00007ff98c6d0000 - 0x00007ff98ce52000 	C:\WINDOWS\System32\windows.storage.dll
0x00007ff98c190000 - 0x00007ff98c1b3000 	C:\WINDOWS\System32\profapi.dll
0x00007ff98c140000 - 0x00007ff98c18a000 	C:\WINDOWS\System32\powrprof.dll
0x00007ff98c110000 - 0x00007ff98c120000 	C:\WINDOWS\System32\UMPDC.dll
0x00007ff98e3b0000 - 0x00007ff98e402000 	C:\WINDOWS\System32\shlwapi.dll
0x00007ff98c120000 - 0x00007ff98c131000 	C:\WINDOWS\System32\kernel.appcore.dll
0x00007ff98c680000 - 0x00007ff98c697000 	C:\WINDOWS\System32\cryptsp.dll
0x00007ff9782a0000 - 0x00007ff9782ba000 	C:\Program Files\JetBrains\IntelliJ IDEA 2018.3.6\bin\breakgen64.dll
0x0000000068e30000 - 0x0000000068e4a000 	C:\Program Files\Java\jdk1.8.0_181\jre\bin\net.dll
0x00007ff98b970000 - 0x00007ff98b9d7000 	C:\WINDOWS\system32\mswsock.dll
0x0000000068e10000 - 0x0000000068e21000 	C:\Program Files\Java\jdk1.8.0_181\jre\bin\nio.dll
0x0000000068e00000 - 0x0000000068e0d000 	C:\Program Files\Java\jdk1.8.0_181\jre\bin\management.dll
0x00007ff9593b0000 - 0x00007ff9593c6000 	C:\WINDOWS\system32\napinsp.dll
0x00007ff955290000 - 0x00007ff9552aa000 	C:\WINDOWS\system32\pnrpnsp.dll
0x00007ff98b6c0000 - 0x00007ff98b78b000 	C:\WINDOWS\SYSTEM32\DNSAPI.dll
0x00007ff98d310000 - 0x00007ff98d318000 	C:\WINDOWS\System32\NSI.dll
0x00007ff98b680000 - 0x00007ff98b6ba000 	C:\WINDOWS\SYSTEM32\IPHLPAPI.DLL
0x00007ff971fd0000 - 0x00007ff971fde000 	C:\WINDOWS\System32\winrnr.dll
0x00007ff97f520000 - 0x00007ff97f53c000 	C:\WINDOWS\system32\NLAapi.dll
0x00007ff987350000 - 0x00007ff987365000 	C:\WINDOWS\system32\wshbth.dll
0x00007ff97bf10000 - 0x00007ff97bf1a000 	C:\Windows\System32\rasadhlp.dll
0x00007ff97ec30000 - 0x00007ff97eca7000 	C:\WINDOWS\System32\fwpuclnt.dll
0x00007ff98c6a0000 - 0x00007ff98c6c6000 	C:\WINDOWS\System32\bcrypt.dll
0x00007ff97f170000 - 0x00007ff97f186000 	C:\WINDOWS\SYSTEM32\dhcpcsvc6.DLL
0x00007ff97f450000 - 0x00007ff97f46c000 	C:\WINDOWS\SYSTEM32\dhcpcsvc.DLL
0x00007ff98b4e0000 - 0x00007ff98b513000 	C:\WINDOWS\system32\rsaenh.dll
0x00007ff98c030000 - 0x00007ff98c055000 	C:\WINDOWS\SYSTEM32\USERENV.dll
0x00007ff98bb40000 - 0x00007ff98bb4c000 	C:\WINDOWS\SYSTEM32\CRYPTBASE.dll

VM Arguments:
jvm_args: -Dvisualvm.id=618921485318800 -ea -Didea.test.cyclic.buffer.size=1048576 -javaagent:C:\Program Files\JetBrains\IntelliJ IDEA 2018.3.6\lib\idea_rt.jar=52636:C:\Program Files\JetBrains\IntelliJ IDEA 2018.3.6\bin -Dfile.encoding=UTF-8 
java_command: com.intellij.rt.execution.junit.JUnitStarter -ideVersion5 -junit5 com.example.camunda.DeployTest,test
java_class_path (initial): C:\Program Files\JetBrains\IntelliJ IDEA 2018.3.6\lib\idea_rt.jar;C:\Program Files\JetBrains\IntelliJ IDEA 2018.3.6\plugins\junit\lib\junit-rt.jar;C:\Program Files\JetBrains\IntelliJ IDEA 2018.3.6\plugins\junit\lib\junit5-rt.jar;C:\Users\10264\.m2\repository\org\junit\platform\junit-platform-launcher\1.5.2\junit-platform-launcher-1.5.2.jar;C:\Users\10264\.m2\repository\org\apiguardian\apiguardian-api\1.1.0\apiguardian-api-1.1.0.jar;C:\Users\10264\.m2\repository\org\junit\platform\junit-platform-engine\1.5.2\junit-platform-engine-1.5.2.jar;C:\Users\10264\.m2\repository\org\opentest4j\opentest4j\1.2.0\opentest4j-1.2.0.jar;C:\Users\10264\.m2\repository\org\junit\platform\junit-platform-commons\1.5.2\junit-platform-commons-1.5.2.jar;C:\Program Files\Java\jdk1.8.0_181\jre\lib\charsets.jar;C:\Program Files\Java\jdk1.8.0_181\jre\lib\deploy.jar;C:\Program Files\Java\jdk1.8.0_181\jre\lib\ext\access-bridge-64.jar;C:\Program Files\Java\jdk1.8.0_181\jre\lib\ext\cldrdata.jar;C:\Program Files\Java\jdk1.8.0_181\jre\lib\ext\dnsns.jar;C:\Program Files\Java\jdk1.8.0_181\jre\lib\ext\jaccess.jar;C:\Program Files\Java\jdk1.8.0_181\jre\lib\ext\jfxrt.jar;C:\Program Files\Java\jdk1.8.0_181\jre\lib\ext\localedata.jar;C:\Program Files\Java\jdk1.8.0_181\jre\lib\ext\nashorn.jar;C:\Program Files\Java\jdk1.8.0_181\jre\lib\ext\sunec.jar;C:\Program Files\Java\jdk1.8.0_181\jre\lib\ext\sunjce_provider.jar;C:\Program Files\Java\jdk1.8.0_181\jre\lib\ext\sunmscapi.jar;C:\Program Files\Java\jdk1.8.0_181\jre\lib\ext\sunpkcs11.jar;C:\Program Files\Java\jdk1.8.0_181\jre\lib\ext\zipfs.jar;C:\Program Files\Java\jdk1.8.0_181\jre\lib\javaws.jar;C:\Program Files\Java\jdk1.8.0_181\jre\lib\jce.jar;C:\Program Files\Java\jdk1.8.0_181\jre\lib\jfr.jar;C:\Program Files\Java\jdk1.8.0_181\jre\lib\jfxswt.jar;C:\Program Files\Java\jdk1.8.0_181\jre\lib\jsse.jar;C:\Program Files\Java\jdk1.8.0_181\jre\lib\management-agent.jar;C:\Program Files\Java\jdk1.8.0_181\jre\lib\plugin.jar;C:\Program Files\
Launcher Type: SUN_STANDARD

Environment Variables:
JAVA_HOME=C:\Program Files\Java\jdk1.8.0_181
CLASSPATH=.;C:\Program Files\Java\jdk1.8.0_181\lib;C:\Program Files\Java\jdk1.8.0_181\lib\tools.jar
PATH=C:\python\Scripts\;C:\python\;C:\ProgramData\Oracle\Java\javapath;D:\python\Scripts\;D:\python\;C:\Program Files (x86)\Python38-32\Scripts\;C:\Program Files (x86)\Python38-32\;C:\Program Files (x86)\NetSarang\Xshell 6\;C:\Program Files (x86)\Common Files\Oracle\Java\javapath;C:\Program Files (x86)\Intel\Intel(R) Management Engine Components\iCLS\;C:\Program Files\Intel\Intel(R) Management Engine Components\iCLS\;C:\Windows\system32;C:\Windows;C:\Windows\System32\Wbem;C:\Windows\System32\WindowsPowerShell\v1.0\;C:\Windows\System32\OpenSSH\;C:\Program Files (x86)\Intel\Intel(R) Management Engine Components\DAL;C:\Program Files\Intel\Intel(R) Management Engine Components\DAL;C:\Program Files\Intel\WiFi\bin\;C:\Program Files\Common Files\Intel\WirelessCommon\;C:\Program Files (x86)\NVIDIA Corporation\PhysX\Common;C:\Program Files\Git\cmd;"C:\Program Files\Java\jdk1.8.0_181\bin;C:\Program Files\Java\jdk1.8.0_181\jre\bin;";C:\WINDOWS\system32;C:\WINDOWS;C:\WINDOWS\System32\Wbem;C:\WINDOWS\System32\WindowsPowerShell\v1.0\;C:\WINDOWS\System32\OpenSSH\;C:\Go\bin;C:\Program Files\JetBrains\IntelliJ IDEA 2018.3.6\plugins\maven\lib\maven3\bin\;;C:\Program Files\IDM Computer Solutions\UltraEdit;C:\Users\10264\AppData\Local\Microsoft\WindowsApps;;C:\Users\10264\AppData\Local\Programs\Microsoft VS Code\bin;D:\Fiddler;C:\Users\10264\AppData\Local\Microsoft\WindowsApps;C:\Users\10264\go\bin;D:\Docker Toolbox;D:\Docker Toolbox;D:\Docker Toolbox
USERNAME=10264
OS=Windows_NT
PROCESSOR_IDENTIFIER=Intel64 Family 6 Model 142 Stepping 10, GenuineIntel



---------------  S Y S T E M  ---------------

OS: Windows 10.0 , 64 bit Build 18362 (10.0.18362.959)

CPU:total 8 (initial active 8) (4 cores per cpu, 2 threads per core) family 6 model 142 stepping 10, cmov, cx8, fxsr, mmx, sse, sse2, sse3, ssse3, sse4.1, sse4.2, popcnt, avx, avx2, aes, clmul, erms, 3dnowpref, lzcnt, ht, tsc, tscinvbit, bmi1, bmi2, adx

Memory: 4k page, physical 8268520k(459164k free), swap 18754276k(5956k free)

vm_info: Java HotSpot(TM) 64-Bit Server VM (25.181-b13) for windows-amd64 JRE (1.8.0_181-b13), built on Jul  7 2018 04:01:33 by "java_re" with MS VC++ 10.0 (VS2010)

time: Thu Aug 20 17:26:08 2020
elapsed time: 28 seconds (0d 0h 0m 28s)

